<?xml version="1.0" encoding="UTF-8"?>
<!-- Generated by org.testng.reporters.JUnitReportReporter -->
<testsuite hostname="TYSS-Sumanth" failures="0" tests="1" name="mobiles.Redmi" time="16.655" errors="0" timestamp="2023-02-21T15:31:05 IST" skipped="0">
  <testcase classname="mobiles.Redmi" name="launchRedmi" time="16.655"/>
  <system-out>
Opening Redmi  </system-out>
</testsuite> <!-- mobiles.Redmi -->
