<?xml version="1.0" encoding="UTF-8"?>
<!-- Generated by org.testng.reporters.JUnitReportReporter -->
<testsuite hostname="TYSS-Sumanth" failures="0" tests="1" name="mobiles.Vivo" time="6.636" errors="0" timestamp="2023-02-21T15:07:26 IST" skipped="0">
  <testcase classname="mobiles.Vivo" name="launchVivo" time="6.636"/>
  <system-out/>
</testsuite> <!-- mobiles.Vivo -->
