<?xml version="1.0" encoding="UTF-8"?>
<!-- Generated by org.testng.reporters.JUnitReportReporter -->
<testsuite hostname="TYSS-Sumanth" failures="0" tests="1" name="itCompanies.TechMahindra" time="11.770" errors="0" timestamp="2023-02-21T16:06:36 IST" skipped="0">
  <testcase classname="itCompanies.TechMahindra" name="openingTechM" time="11.770"/>
  <system-out>
Landed to TechMahindra Website  </system-out>
</testsuite> <!-- itCompanies.TechMahindra -->
