<?xml version="1.0" encoding="UTF-8"?>
<!-- Generated by org.testng.reporters.JUnitReportReporter -->
<testsuite hostname="TYSS-Sumanth" failures="0" tests="5" name="unitTestingTool.TC_Actime_Login_001" time="0.010" errors="0" timestamp="2023-02-20T15:18:06 IST" skipped="0">
  <testcase classname="unitTestingTool.TC_Actime_Login_001" name="invalidLogin" time="0.006"/>
  <system-out/>
  <testcase classname="unitTestingTool.TC_Actime_Login_001" name="createUser" time="0.001"/>
  <system-out/>
  <testcase classname="unitTestingTool.TC_Actime_Login_001" name="deleteUser" time="0.002"/>
  <system-out/>
  <testcase classname="unitTestingTool.TC_Actime_Login_001" name="registerAndLogin" time="0.001"/>
  <system-out/>
  <testcase classname="unitTestingTool.TC_Actime_Login_001" name="ValidLogin" time="0.000"/>
  <system-out/>
</testsuite> <!-- unitTestingTool.TC_Actime_Login_001 -->
