<?xml version="1.0" encoding="UTF-8"?>
<!-- Generated by org.testng.reporters.JUnitReportReporter -->
<testsuite hostname="TYSS-Sumanth" failures="0" tests="1" name="itCompanies.Infosys" time="6.463" errors="0" timestamp="2023-02-21T16:07:18 IST" skipped="0">
  <testcase classname="itCompanies.Infosys" name="openingInfy" time="6.463"/>
  <system-out>
Landed to Infosys Website  </system-out>
</testsuite> <!-- itCompanies.Infosys -->
