<?xml version="1.0" encoding="UTF-8"?>
<!-- Generated by org.testng.reporters.JUnitReportReporter -->
<testsuite hostname="TYSS-Sumanth" failures="0" tests="1" name="itCompanies.TestYantra" time="5.248" errors="0" timestamp="2023-02-21T16:04:24 IST" skipped="0">
  <testcase classname="itCompanies.TestYantra" name="openingTestYantra" time="5.248"/>
  <system-out>
Landed to TestYantra Website  </system-out>
</testsuite> <!-- itCompanies.TestYantra -->
