<?xml version="1.0" encoding="UTF-8"?>
<!-- Generated by org.testng.reporters.JUnitReportReporter -->
<testsuite hostname="TYSS-Sumanth" failures="0" tests="2" name="unitTestingTool.ConfigAnnotations" time="0.012" errors="0" timestamp="2023-02-23T11:29:37 IST" skipped="0">
  <testcase classname="unitTestingTool.ConfigAnnotations" name="copy" time="0.004"/>
  <system-out>
From the copy test case  </system-out>
  <testcase classname="unitTestingTool.ConfigAnnotations" name="delete" time="0.008"/>
  <system-out>
From the delete test case  </system-out>
</testsuite> <!-- unitTestingTool.ConfigAnnotations -->
