<?xml version="1.0" encoding="UTF-8"?>
<!-- Generated by org.testng.reporters.JUnitReportReporter -->
<testsuite hostname="TYSS-Sumanth" failures="0" tests="2" name="crossBrowser.FoodPanda" time="57.984" errors="0" timestamp="2023-03-08T13:08:37 IST" skipped="0">
  <testcase classname="crossBrowser.FoodPanda" name="launchFoodPanda" time="10.728"/>
  <system-out/>
  <testcase classname="crossBrowser.FoodPanda" name="launchFoodPanda" time="47.256"/>
  <system-out/>
</testsuite> <!-- crossBrowser.FoodPanda -->
