<?xml version="1.0" encoding="UTF-8"?>
<!-- Generated by org.testng.reporters.JUnitReportReporter -->
<testsuite hostname="TYSS-Sumanth" failures="0" tests="2" name="crossBrowser.Zomato" time="20.826" errors="0" timestamp="2023-03-08T13:08:37 IST" skipped="0">
  <testcase classname="crossBrowser.Zomato" name="launchZomato" time="5.092"/>
  <system-out/>
  <testcase classname="crossBrowser.Zomato" name="launchZomato" time="15.734"/>
  <system-out/>
</testsuite> <!-- crossBrowser.Zomato -->
