<?xml version="1.0" encoding="UTF-8"?>
<!-- Generated by org.testng.reporters.JUnitReportReporter -->
<testsuite hostname="TYSS-Sumanth" failures="0" tests="1" name="pomRepo.Stale" time="17.729" errors="0" timestamp="2023-02-24T11:46:25 IST" skipped="0">
  <testcase classname="pomRepo.Stale" name="refresh" time="17.729"/>
  <system-out/>
</testsuite> <!-- pomRepo.Stale -->
