<?xml version="1.0" encoding="UTF-8"?>
<!-- Generated by org.testng.reporters.JUnitReportReporter -->
<testsuite hostname="TYSS-Sumanth" failures="0" tests="3" name="unitTestingTool.LoginToActitime" time="44.873" errors="0" timestamp="2023-02-21T17:28:26 IST" skipped="0">
  <testcase classname="unitTestingTool.LoginToActitime" name="login" time="15.103"/>
  <system-out/>
  <testcase classname="unitTestingTool.LoginToActitime" name="login" time="15.196"/>
  <system-out/>
  <testcase classname="unitTestingTool.LoginToActitime" name="login" time="14.574"/>
  <system-out/>
</testsuite> <!-- unitTestingTool.LoginToActitime -->
