<?xml version="1.0" encoding="UTF-8"?>
<!-- Generated by org.testng.reporters.JUnitReportReporter -->
<testsuite hostname="TYSS-Sumanth" failures="0" tests="2" name="crossBrowser.Dominos" time="28.435" errors="0" timestamp="2023-03-08T13:08:37 IST" skipped="0">
  <testcase classname="crossBrowser.Dominos" name="launchDominos" time="17.663"/>
  <system-out/>
  <testcase classname="crossBrowser.Dominos" name="launchDominos" time="10.772"/>
  <system-out/>
</testsuite> <!-- crossBrowser.Dominos -->
