<?xml version="1.0" encoding="UTF-8"?>
<!-- Generated by org.testng.reporters.JUnitReportReporter -->
<testsuite hostname="TYSS-Sumanth" failures="0" tests="1" name="itCompanies.FireFlink" time="13.545" errors="0" timestamp="2023-02-21T16:06:36 IST" skipped="0">
  <testcase classname="itCompanies.FireFlink" name="openingFireFlink" time="13.545"/>
  <system-out>
Landed to Fireflink Website  </system-out>
</testsuite> <!-- itCompanies.FireFlink -->
