<?xml version="1.0" encoding="UTF-8"?>
<!-- Generated by org.testng.reporters.JUnitReportReporter -->
<testsuite hostname="TYSS-Sumanth" failures="0" tests="1" name="unitTestingTool.TestScript" time="0.009" errors="0" timestamp="2023-02-20T15:02:25 IST" skipped="0">
  <testcase classname="unitTestingTool.TestScript" name="add" time="0.009"/>
  <system-out/>
</testsuite> <!-- unitTestingTool.TestScript -->
