<?xml version="1.0" encoding="UTF-8"?>
<!-- Generated by org.testng.reporters.JUnitReportReporter -->
<testsuite hostname="TYSS-Sumanth" failures="0" tests="1" name="basics.FirstTest" time="0.013" errors="0" timestamp="2023-02-21T15:07:26 IST" skipped="0">
  <testcase classname="basics.FirstTest" name="run" time="0.013"/>
  <system-out/>
</testsuite> <!-- basics.FirstTest -->
