<?xml version="1.0" encoding="UTF-8"?>
<!-- Generated by org.testng.reporters.JUnitReportReporter -->
<testsuite hostname="TYSS-Sumanth" failures="0" tests="1" name="mobiles.Apple" time="5.151" errors="0" timestamp="2023-02-21T15:07:26 IST" skipped="0">
  <testcase classname="mobiles.Apple" name="launchApple" time="5.151"/>
  <system-out>
Opening Apple website  </system-out>
</testsuite> <!-- mobiles.Apple -->
