<?xml version="1.0" encoding="UTF-8"?>
<!-- Generated by org.testng.reporters.JUnitReportReporter -->
<testsuite hostname="TYSS-Sumanth" failures="0" tests="1" name="mobiles.Oneplus" time="14.679" errors="0" timestamp="2023-03-08T12:08:43 IST" skipped="0">
  <testcase classname="mobiles.Oneplus" name="launchOneplus" time="14.679"/>
  <system-out>
Opening Oneplus   </system-out>
</testsuite> <!-- mobiles.Oneplus -->
