<?xml version="1.0" encoding="UTF-8"?>
<!-- Generated by org.testng.reporters.JUnitReportReporter -->
<testsuite hostname="TYSS-Sumanth" failures="0" tests="2" name="crossBrowser.Swiggy" time="41.726" errors="0" timestamp="2023-03-08T13:08:37 IST" skipped="0">
  <testcase classname="crossBrowser.Swiggy" name="launchSwiggy" time="14.504"/>
  <system-out/>
  <testcase classname="crossBrowser.Swiggy" name="launchSwiggy" time="27.222"/>
  <system-out/>
</testsuite> <!-- crossBrowser.Swiggy -->
